<?xml version="1.0" encoding="UTF-8"?>
<!-- Generated by org.testng.reporters.JUnitReportReporter -->
<testsuite hostname="MacBooksMacBook.lan" failures="0" tests="1" name="com.tfAutomationProject.testCases.TC_AllMonthsDisplayed_003" time="2.145" errors="0" timestamp="2020-11-23T22:28:22 CST" skipped="0">
  <testcase classname="com.tfAutomationProject.testCases.TC_AllMonthsDisplayed_003" name="displayMonthDd" time="2.145"/>
  <system-out/>
</testsuite> <!-- com.tfAutomationProject.testCases.TC_AllMonthsDisplayed_003 -->
