<?xml version="1.0" encoding="UTF-8"?>
<!-- Generated by org.testng.reporters.JUnitReportReporter -->
<testsuite hostname="MacBooksMacBook.lan" failures="0" tests="1" name="com.tfAutomationProject.testCases.TC_AddCat_001" time="3.134" errors="0" timestamp="2020-11-17T19:18:07 CST" skipped="0">
  <testcase classname="com.tfAutomationProject.testCases.TC_AddCat_001" name="addCategory" time="3.134"/>
  <system-out/>
</testsuite> <!-- com.tfAutomationProject.testCases.TC_AddCat_001 -->
